<?xml version="1.0" encoding="UTF-8"?>
<testsuite name="net.petrikainulainen.gradle.coe.MessageServiceTest" tests="1" skipped="0" failures="0" errors="0" timestamp="2018-07-16T16:21:24" hostname="Narendras-MacBook-Pro.local" time="0.001">
  <properties/>
  <testcase name="getMessage_ShouldReturnMessage" classname="net.petrikainulainen.gradle.coe.MessageServiceTest" time="0.001"/>
  <system-out><![CDATA[]]></system-out>
  <system-err><![CDATA[]]></system-err>
</testsuite>
